<?xml version="1.0" encoding="UTF-8"?>
<testsuite name="sud.uz.SudDemo.SudDemoApplicationTests" tests="1" skipped="0" failures="0" errors="0" timestamp="2025-09-16T06:26:27.179Z" hostname="abdulbosit-H510M-H" time="0.247">
  <properties/>
  <testcase name="contextLoads()" classname="sud.uz.SudDemo.SudDemoApplicationTests" time="0.247"/>
  <system-out><![CDATA[11:26:23.672 [Test worker] INFO org.springframework.test.context.support.AnnotationConfigContextLoaderUtils -- Could not detect default configuration classes for test class [sud.uz.SudDemo.SudDemoApplicationTests]: SudDemoApplicationTests does not declare any static, non-private, non-final, nested classes annotated with @Configuration.
11:26:23.741 [Test worker] INFO org.springframework.boot.test.context.SpringBootTestContextBootstrapper -- Found @SpringBootConfiguration sud.uz.SudDemo.SudDemoApplication for test class sud.uz.SudDemo.SudDemoApplicationTests

  .   ____          _            __ _ _
 /\\ / ___'_ __ _ _(_)_ __  __ _ \ \ \ \
( ( )\___ | '_ | '_| | '_ \/ _` | \ \ \ \
 \\/  ___)| |_)| | | | | || (_| |  ) ) ) )
  '  |____| .__|_| |_|_| |_\__, | / / / /
 =========|_|==============|___/=/_/_/_/

 :: Spring Boot ::                (v3.5.5)

2025-09-16T11:26:23.965+05:00  INFO 244287 --- [SudDemo] [    Test worker] sud.uz.SudDemo.SudDemoApplicationTests   : Starting SudDemoApplicationTests using Java 24.0.2 with PID 244287 (started by abdulbosit in /home/abdulbosit/java/src/SudDemo)
2025-09-16T11:26:23.966+05:00  INFO 244287 --- [SudDemo] [    Test worker] sud.uz.SudDemo.SudDemoApplicationTests   : No active profile set, falling back to 1 default profile: "default"
2025-09-16T11:26:24.574+05:00  INFO 244287 --- [SudDemo] [    Test worker] .s.d.r.c.RepositoryConfigurationDelegate : Bootstrapping Spring Data JPA repositories in DEFAULT mode.
2025-09-16T11:26:24.606+05:00  INFO 244287 --- [SudDemo] [    Test worker] .s.d.r.c.RepositoryConfigurationDelegate : Finished Spring Data repository scanning in 25 ms. Found 2 JPA repository interfaces.
2025-09-16T11:26:25.088+05:00  INFO 244287 --- [SudDemo] [    Test worker] com.zaxxer.hikari.HikariDataSource       : HikariPool-1 - Starting...
2025-09-16T11:26:25.202+05:00  INFO 244287 --- [SudDemo] [    Test worker] com.zaxxer.hikari.pool.HikariPool        : HikariPool-1 - Added connection org.postgresql.jdbc.PgConnection@1b4a3a1
2025-09-16T11:26:25.203+05:00  INFO 244287 --- [SudDemo] [    Test worker] com.zaxxer.hikari.HikariDataSource       : HikariPool-1 - Start completed.
2025-09-16T11:26:25.225+05:00  INFO 244287 --- [SudDemo] [    Test worker] org.flywaydb.core.FlywayExecutor         : Database: jdbc:postgresql://localhost:5432/suddemo (PostgreSQL 16.3)
2025-09-16T11:26:25.258+05:00  INFO 244287 --- [SudDemo] [    Test worker] o.f.core.internal.command.DbValidate     : Successfully validated 0 migrations (execution time 00:00.009s)
2025-09-16T11:26:25.258+05:00  WARN 244287 --- [SudDemo] [    Test worker] o.f.core.internal.command.DbValidate     : No migrations found. Are your locations set up correctly?
2025-09-16T11:26:25.308+05:00  INFO 244287 --- [SudDemo] [    Test worker] o.f.core.internal.command.DbMigrate      : Current version of schema "public": << Empty Schema >>
2025-09-16T11:26:25.318+05:00  INFO 244287 --- [SudDemo] [    Test worker] o.f.core.internal.command.DbMigrate      : Schema "public" is up to date. No migration necessary.
2025-09-16T11:26:25.406+05:00  INFO 244287 --- [SudDemo] [    Test worker] o.hibernate.jpa.internal.util.LogHelper  : HHH000204: Processing PersistenceUnitInfo [name: default]
2025-09-16T11:26:25.447+05:00  INFO 244287 --- [SudDemo] [    Test worker] org.hibernate.Version                    : HHH000412: Hibernate ORM core version 6.6.26.Final
2025-09-16T11:26:25.465+05:00  INFO 244287 --- [SudDemo] [    Test worker] o.h.c.internal.RegionFactoryInitiator    : HHH000026: Second-level cache disabled
2025-09-16T11:26:25.610+05:00  INFO 244287 --- [SudDemo] [    Test worker] o.s.o.j.p.SpringPersistenceUnitInfo      : No LoadTimeWeaver setup: ignoring JPA class transformer
2025-09-16T11:26:25.634+05:00  WARN 244287 --- [SudDemo] [    Test worker] org.hibernate.orm.deprecation            : HHH90000025: PostgreSQLDialect does not need to be specified explicitly using 'hibernate.dialect' (remove the property setting and it will be selected by default)
2025-09-16T11:26:25.640+05:00  INFO 244287 --- [SudDemo] [    Test worker] org.hibernate.orm.connections.pooling    : HHH10001005: Database info:
	Database JDBC URL [Connecting through datasource 'HikariDataSource (HikariPool-1)']
	Database driver: undefined/unknown
	Database version: 16.3
	Autocommit mode: undefined/unknown
	Isolation level: undefined/unknown
	Minimum pool size: undefined/unknown
	Maximum pool size: undefined/unknown
2025-09-16T11:26:26.063+05:00  INFO 244287 --- [SudDemo] [    Test worker] o.h.e.t.j.p.i.JtaPlatformInitiator       : HHH000489: No JTA platform available (set 'hibernate.transaction.jta.platform' to enable JTA platform integration)
2025-09-16T11:26:26.141+05:00  INFO 244287 --- [SudDemo] [    Test worker] j.LocalContainerEntityManagerFactoryBean : Initialized JPA EntityManagerFactory for persistence unit 'default'
2025-09-16T11:26:26.463+05:00  WARN 244287 --- [SudDemo] [    Test worker] JpaBaseConfiguration$JpaWebConfiguration : spring.jpa.open-in-view is enabled by default. Therefore, database queries may be performed during view rendering. Explicitly configure spring.jpa.open-in-view to disable this warning
2025-09-16T11:26:26.738+05:00  INFO 244287 --- [SudDemo] [    Test worker] r$InitializeUserDetailsManagerConfigurer : Global AuthenticationManager configured with UserDetailsService bean with name inMemoryUserDetailsManager
2025-09-16T11:26:27.172+05:00  INFO 244287 --- [SudDemo] [    Test worker] sud.uz.SudDemo.SudDemoApplicationTests   : Started SudDemoApplicationTests in 3.359 seconds (process running for 3.961)
]]></system-out>
  <system-err><![CDATA[Mockito is currently self-attaching to enable the inline-mock-maker. This will no longer work in future releases of the JDK. Please add Mockito as an agent to your build as described in Mockito's documentation: https://javadoc.io/doc/org.mockito/mockito-core/latest/org.mockito/org/mockito/Mockito.html#0.3
WARNING: A Java agent has been loaded dynamically (/home/abdulbosit/.gradle/caches/modules-2/files-2.1/net.bytebuddy/byte-buddy-agent/1.17.7/fbf3d6d649ed37fc9e9c59480a05be0a26e3c2da/byte-buddy-agent-1.17.7.jar)
WARNING: If a serviceability tool is in use, please run with -XX:+EnableDynamicAgentLoading to hide this warning
WARNING: If a serviceability tool is not in use, please run with -Djdk.instrument.traceUsage for more information
WARNING: Dynamic loading of agents will be disallowed by default in a future release
]]></system-err>
</testsuite>
